
void.[34;49m_Compile_Move[39;49m <:> cfrTil compiled word, prefix
SourceCode for void.[34;49m_Compile_Move[39;49m :> 
[34;49mvoid _Compile_Move ( toRegOrMem _mod _reg rm controlFlags disp | opCode ) { if ( toRegOrMem == REG ) opCode = #x8b ; else opCode = #x89 ; Compile_CalcWrite_Instruction_X64 ( 0, opCode, _mod, _reg, rm, controlFlags, 0, disp, 0, 0, 0 ) ; } [39;49m
Source code file location of [34;49m_Compile_Move[39;49m : "namespaces/compiler/x64.cft" : 314.69 :: we are now at : namespaces/compiler/x64.cft : 321.26
Compiled with : optimizeOn, inlineOn, c_syntaxOn, infixOn
Debug Source Code on : BigNum off : Lisp off : Word Source Code on
starting at address : 0xf72fdd20 -- code size = 254 bytes
TypeSignature : Integer 
Word :: void.[34;49m_Compile_Move[39;49m : definition = 0x00007ffff72fdd20 : disassembly at namespaces/compiler/x64.cft : 321.26 :[32;49m
0x7ffff72fdd20    4d897e08                mov [r14+0x8], r15                                     [39;49m[32;49m
0x7ffff72fdd24    4d8d7e08                lea r15, [r14+0x8]                                     [39;49m[32;49m
0x7ffff72fdd28    4981c610000000          add r14, 0x10                                          [39;49m
[34;49m ..  controlFlags disp | opCode )  { if ( [39;49m[33;40mtoRegOrMem[39;49m[34;49m == REG ) opCode = #x8b ;  else opCode = #x89 ; Compile_CalcWrite_Instruction_X64 ( 0, opCode, _m .. [39;49m[32;49m
0x7ffff72fdd2f    498b47d0                mov rax, [r15-0x30]                                    [39;49m
[34;49m .. disp | opCode )  { if ( toRegOrMem == [39;49m[33;40mREG[39;49m[34;49m ) opCode = #x8b ;  else opCode = #x89 ; Compile_CalcWrite_Instruction_X64 ( 0, opCode, _mod, _reg, rm,  .. [39;49m[32;49m
0x7ffff72fdd33    48b90300000000000000    mov rcx, 0x3                                           [39;49m
[34;49m .. gs disp | opCode )  { if ( toRegOrMem [39;49m[33;40m==[39;49m[34;49m REG ) opCode = #x8b ;  else opCode = #x89 ; Compile_CalcWrite_Instruction_X64 ( 0, opCode, _mod, _reg, r .. [39;49m[32;49m
0x7ffff72fdd3d    483bc1                  cmp rax, rcx                                           [39;49m[32;49m
0x7ffff72fdd40    0f8516000000            jnz 0x7ffff72fdd5c         	< void.[34;49m_Compile_Move[39;49m+60 >[39;49m
[34;49m ..   { if ( toRegOrMem == REG ) opCode = [39;49m[33;40m#x8b[39;49m[34;49m ;  else opCode = #x89 ; Compile_CalcWrite_Instruction_X64 ( 0, opCode, _mod, _reg, rm, controlFlags, 0 .. [39;49m[32;49m
0x7ffff72fdd46    48b88b00000000000000    mov rax, 0x8b                                          [39;49m
[34;49m ..  opCode )  { if ( toRegOrMem == REG ) [39;49m[33;40mopCode[39;49m[34;49m = #x8b ;  else opCode = #x89 ; Compile_CalcWrite_Instruction_X64 ( 0, opCode, _mod, _reg, rm, contro .. [39;49m[32;49m
0x7ffff72fdd50    498d4f08                lea rcx, [r15+0x8]                                     [39;49m
[34;49m ..  )  { if ( toRegOrMem == REG ) opCode [39;49m[33;40m=[39;49m[34;49m #x8b ;  else opCode = #x89 ; Compile_CalcWrite_Instruction_X64 ( 0, opCode, _mod, _reg, rm, controlFlags, .. [39;49m[32;49m
0x7ffff72fdd54    488901                  mov [rcx], rax                                         [39;49m
[34;49m .. f ( toRegOrMem == REG ) opCode = #x8b [39;49m[33;40m;[39;49m[34;49m  else opCode = #x89 ; Compile_CalcWrite_Instruction_X64 ( 0, opCode, _mod, _reg, rm, controlFlags, 0, dis .. [39;49m[32;49m
0x7ffff72fdd57    e911000000              jmp 0x7ffff72fdd6d         	< void.[34;49m_Compile_Move[39;49m+77 >[39;49m
[34;49m ..  REG ) opCode = #x8b ;  else opCode = [39;49m[33;40m#x89[39;49m[34;49m ; Compile_CalcWrite_Instruction_X64 ( 0, opCode, _mod, _reg, rm, controlFlags, 0, disp, 0, 0, 0 ) ; }  .. [39;49m[32;49m
0x7ffff72fdd5c    48b88900000000000000    mov rax, 0x89                                          [39;49m
[34;49m .. gOrMem == REG ) opCode = #x8b ;  else [39;49m[33;40mopCode[39;49m[34;49m = #x89 ; Compile_CalcWrite_Instruction_X64 ( 0, opCode, _mod, _reg, rm, controlFlags, 0, disp, 0, 0, .. [39;49m[32;49m
0x7ffff72fdd66    498d4f08                lea rcx, [r15+0x8]                                     [39;49m
[34;49m .. == REG ) opCode = #x8b ;  else opCode [39;49m[33;40m=[39;49m[34;49m #x89 ; Compile_CalcWrite_Instruction_X64 ( 0, opCode, _mod, _reg, rm, controlFlags, 0, disp, 0, 0, 0 ) ;  .. [39;49m[32;49m
0x7ffff72fdd6a    488901                  mov [rcx], rax                                         [39;49m
[34;49m .. ; Compile_CalcWrite_Instruction_X64 ( [39;49m[33;40m0[39;49m[34;49m, opCode, _mod, _reg, rm, controlFlags, 0, disp, 0, 0, 0 ) ; }  .. [39;49m[32;49m
0x7ffff72fdd6d    48b80000000000000000    mov rax, 0x0                                           [39;49m[32;49m
0x7ffff72fdd77    4983c608                add r14, 0x8                                           [39;49m[32;49m
0x7ffff72fdd7b    498906                  mov [r14], rax                                         [39;49m
[34;49m .. ompile_CalcWrite_Instruction_X64 ( 0, [39;49m[33;40mopCode[39;49m[34;49m, _mod, _reg, rm, controlFlags, 0, disp, 0, 0, 0 ) ; }  .. [39;49m[32;49m
0x7ffff72fdd7e    498b4708                mov rax, [r15+0x8]                                     [39;49m[32;49m
0x7ffff72fdd82    4983c608                add r14, 0x8                                           [39;49m[32;49m
0x7ffff72fdd86    498906                  mov [r14], rax                                         [39;49m
[34;49m .. alcWrite_Instruction_X64 ( 0, opCode, [39;49m[33;40m_mod[39;49m[34;49m, _reg, rm, controlFlags, 0, disp, 0, 0, 0 ) ; }  .. [39;49m[32;49m
0x7ffff72fdd89    498b47d8                mov rax, [r15-0x28]                                    [39;49m[32;49m
0x7ffff72fdd8d    4983c608                add r14, 0x8                                           [39;49m[32;49m
0x7ffff72fdd91    498906                  mov [r14], rax                                         [39;49m
[34;49m .. te_Instruction_X64 ( 0, opCode, _mod, [39;49m[33;40m_reg[39;49m[34;49m, rm, controlFlags, 0, disp, 0, 0, 0 ) ; }  .. [39;49m[32;49m
0x7ffff72fdd94    498b47e0                mov rax, [r15-0x20]                                    [39;49m[32;49m
0x7ffff72fdd98    4983c608                add r14, 0x8                                           [39;49m[32;49m
0x7ffff72fdd9c    498906                  mov [r14], rax                                         [39;49m
[34;49m .. truction_X64 ( 0, opCode, _mod, _reg, [39;49m[33;40mrm[39;49m[34;49m, controlFlags, 0, disp, 0, 0, 0 ) ; }  .. [39;49m[32;49m
0x7ffff72fdd9f    498b47e8                mov rax, [r15-0x18]                                    [39;49m[32;49m
0x7ffff72fdda3    4983c608                add r14, 0x8                                           [39;49m[32;49m
0x7ffff72fdda7    498906                  mov [r14], rax                                         [39;49m
[34;49m .. tion_X64 ( 0, opCode, _mod, _reg, rm, [39;49m[33;40mcontrolFlags[39;49m[34;49m, 0, disp, 0, 0, 0 ) ; }  .. [39;49m[32;49m
0x7ffff72fddaa    498b47f0                mov rax, [r15-0x10]                                    [39;49m[32;49m
0x7ffff72fddae    4983c608                add r14, 0x8                                           [39;49m[32;49m
0x7ffff72fddb2    498906                  mov [r14], rax                                         [39;49m
[34;49m .. opCode, _mod, _reg, rm, controlFlags, [39;49m[33;40m0[39;49m[34;49m, disp, 0, 0, 0 ) ; }  .. [39;49m[32;49m
0x7ffff72fddb5    48b80000000000000000    mov rax, 0x0                                           [39;49m[32;49m
0x7ffff72fddbf    4983c608                add r14, 0x8                                           [39;49m[32;49m
0x7ffff72fddc3    498906                  mov [r14], rax                                         [39;49m
[34;49m .. ode, _mod, _reg, rm, controlFlags, 0, [39;49m[33;40mdisp[39;49m[34;49m, 0, 0, 0 ) ; }  .. [39;49m[32;49m
0x7ffff72fddc6    498b47f8                mov rax, [r15-0x8]                                     [39;49m[32;49m
0x7ffff72fddca    4983c608                add r14, 0x8                                           [39;49m[32;49m
0x7ffff72fddce    498906                  mov [r14], rax                                         [39;49m
[34;49m .. mod, _reg, rm, controlFlags, 0, disp, [39;49m[33;40m0[39;49m[34;49m, 0, 0 ) ; }  .. [39;49m[32;49m
0x7ffff72fddd1    48b80000000000000000    mov rax, 0x0                                           [39;49m[32;49m
0x7ffff72fdddb    4983c608                add r14, 0x8                                           [39;49m[32;49m
0x7ffff72fdddf    498906                  mov [r14], rax                                         [39;49m
[34;49m .. , _reg, rm, controlFlags, 0, disp, 0, [39;49m[33;40m0[39;49m[34;49m, 0 ) ; }  .. [39;49m[32;49m
0x7ffff72fdde2    48b80000000000000000    mov rax, 0x0                                           [39;49m[32;49m
0x7ffff72fddec    4983c608                add r14, 0x8                                           [39;49m[32;49m
0x7ffff72fddf0    498906                  mov [r14], rax                                         [39;49m
[34;49m .. reg, rm, controlFlags, 0, disp, 0, 0, [39;49m[33;40m0[39;49m[34;49m ) ; }  .. [39;49m[32;49m
0x7ffff72fddf3    48b80000000000000000    mov rax, 0x0                                           [39;49m[32;49m
0x7ffff72fddfd    4983c608                add r14, 0x8                                           [39;49m[32;49m
0x7ffff72fde01    498906                  mov [r14], rax                                         [39;49m
[34;49m .. opCode = #x8b ;  else opCode = #x89 ; [39;49m[33;40mCompile_CalcWrite_Instruction_X64[39;49m[34;49m ( 0, opCode, _mod, _reg, rm, controlFlags, 0, disp, 0, 0, 0 ) ; }  .. [39;49m[32;49m
0x7ffff72fde04    49b99edb2ff7ff7f0000    mov r9, 0x7ffff72fdb9e                                 [39;49m[32;49m
0x7ffff72fde0e    49ffd1                  call r9                    	< void.[34;49mCompile_CalcWrite_Instruction_X64[39;49m : 0x00007ffff72fdb9e >[39;49m
[34;49m .. m, controlFlags, 0, disp, 0, 0, 0 ) ; [39;49m[33;40m}[39;49m[34;49m  .. [39;49m[32;49m
0x7ffff72fde11    4d8d77f8                lea r14, [r15-0x8]                                     [39;49m[32;49m
0x7ffff72fde15    4d8b7e08                mov r15, [r14+0x8]                                     [39;49m[32;49m
0x7ffff72fde19    4983ee30                sub r14, 0x30                                          [39;49m[32;49m
0x7ffff72fde1d    c3                      ret                                                    [39;49m
Word_Disassemble : word - '_Compile_Move' :: codeSize = 2530x00007ffff72692380x00007ffff72fdd2032126
_Compile_Write_Instruction_X64 : 7ffff72fe7c0 : 3 bytes : ...
[34;49m ..                                     : [39;49m[33;40m_Compile_Stack_PopToReg[39;49m[34;49m ( _reg )  _Compile_Move_DataStackN_ToReg ( _reg @, 0 ) _Compile_SUBI_DSP ( CELL ) ; .. [39;49m[32;49m
0x7ffff72fe7c0    4d8b06                  mov r8, [r14]                                          [39;49m
_Compile_Write_Instruction_X64 : 7ffff72fe7c3 : 4 bytes : ...[32;49m
0x7ffff72fe7c3    4983ee08                sub r14, 0x8                                           [39;49m
_Compile_Write_Instruction_X64 : 7ffff72fe7c7 : 3 bytes : ...
[34;49m : _Compile_Stack_PopToReg ( _reg )  _Comp[39;49m[33;40m_Compile_CallThruReg[39;49m[34;49mToReg ( _reg @, 0 ) _Compile_SUBI_DSP ( CELL ) ;;  .. [39;49m[32;49m
0x7ffff72fe7c7    49ffd0                  call r8                    	< C compiler code >        [39;49m
Combinators.[34;49miax[39;49m <:> cfrTil compiled word
SourceCode for Combinators.[34;49miax[39;49m :> 
[34;49m:asm iax _Compile_Stack_PopToReg ( R8D ) _Compile_CallThruReg ( R8D ) asm; [39;49m
Source code file location of [34;49miax[39;49m : "namespaces/compiler/x64.cft" : 429.8 :: we are now at : namespaces/compiler/x64.cft : 436.17
Compiled with : optimizeOn, inlineOn, infixOn
Debug Source Code on : BigNum off : Lisp off : Word Source Code on
starting at address : 0xf72fe7c0 -- code size = 11 bytes
Word :: Combinators.[34;49miax[39;49m : definition = 0x00007ffff72fe7c0 : disassembly at namespaces/compiler/x64.cft : 436.17 :
[34;49m ..                              :asm iax [39;49m[33;40m_Compile_Stack_PopToReg[39;49m[34;49m ( R8D ) _Compile_CallThruReg ( R8D ) asm;  .. [39;49m[32;49m
0x7ffff72fe7c0    4d8b06                  mov r8, [r14]                                          [39;49m[32;49m
0x7ffff72fe7c3    4983ee08                sub r14, 0x8                                           [39;49m
[34;49m :asm iax _Compile_Stack_PopToReg ( R8D ) [39;49m[33;40m_Compile_CallThruReg[39;49m[34;49m ( R8D ) asm;  .. [39;49m[32;49m
0x7ffff72fe7c7    49ffd0                  call r8                    	< C compiler code >        [39;49m
[34;49m ..  ( R8D ) _Compile_CallThruReg ( R8D ) [39;49m[33;40masm;[39;49m[34;49m [39;49m[32;49m
0x7ffff72fe7ca    c3                      ret                                                    [39;49m
Word_Disassemble : word - 'iax' :: codeSize = 100x00007ffff72692380x00007ffff72fe7c043617
User.[34;49mqeval[39;49m <:> cfrTil compiled word
SourceCode for User.[34;49mqeval[39;49m :> 
[34;49m: qeval stk iax ; [39;49m
Source code file location of [34;49mqeval[39;49m : "namespaces/compiler/x64.cft" : 461.7 :: we are now at : namespaces/compiler/x64.cft : 464.19
Compiled with : optimizeOn, inlineOn, infixOn
Debug Source Code on : BigNum off : Lisp off : Word Source Code on
starting at address : 0xf72feb29 -- code size = 27 bytes
Word :: User.[34;49mqeval[39;49m : definition = 0x00007ffff72feb29 : disassembly at namespaces/compiler/x64.cft : 464.19 :
[34;49m ..                               : qeval [39;49m[33;40mstk[39;49m[34;49m iax ;  .. [39;49m[32;49m
0x7ffff72feb29    49b9b5442ff7ff7f0000    mov r9, 0x7ffff72f44b5                                 [39;49m[32;49m
0x7ffff72feb33    49ffd1                  call r9                    	< System.[34;49mstk[39;49m : 0x00007ffff72f44b5 >[39;49m
[34;49m ..                           : qeval stk [39;49m[33;40miax[39;49m[34;49m ;  .. [39;49m[32;49m
0x7ffff72feb36    49b9c0e72ff7ff7f0000    mov r9, 0x7ffff72fe7c0                                 [39;49m[32;49m
0x7ffff72feb40    49ffd1                  call r9                    	< Combinators.[34;49miax[39;49m : 0x00007ffff72fe7c0 >[39;49m
[34;49m ..                       : qeval stk iax [39;49m[33;40m;[39;49m[34;49m  .. [39;49m[32;49m
0x7ffff72feb43    c3                      ret                                                    [39;49m
Word_Disassemble : word - 'qeval' :: codeSize = 260x00007ffff72692380x00007ffff72feb2946419
_Compile_Write_Instruction_X64 : 7ffff72feb58 : 3 bytes : ...
[34;49m ..                            : qeval stk[39;49m[33;40m_Compile_MoveTOS_To_R8D[39;49m[34;49m .. [39;49m[32;49m
0x7ffff72feb58    4d8b06                  mov r8, [r14]                                          [39;49m
_Compile_Write_Instruction_X64 : 7ffff72feb5b : 3 bytes : ...
[34;49m .. : qeval stk iax ; [39;49m[33;40m_Compile_Move_DataStackN_ToReg[39;49m[34;49m .. [39;49m[32;49m
0x7ffff72feb5b    4d8b06                  mov r8, [r14]                                          [39;49m
_Compile_Write_Instruction_X64 : 7ffff72feb5e : 4 bytes : ...
[34;49m: qeval stk iax ; [39;49m[33;40mCompile_Stack_Push_R8D[39;49m[34;49m .. [39;49m[32;49m
0x7ffff72feb5e    4983c608                add r14, 0x8                                           [39;49m
_Compile_Write_Instruction_X64 : 7ffff72feb62 : 3 bytes : ...[32;49m
0x7ffff72feb62    4d8906                  mov [r14], r8                                          [39;49m
_Compile_Write_Instruction_X64 : 7ffff72feb65 : 4 bytes : ...
[34;49m: qeval stk iax ; [39;49m[33;40m_Compile_SUBI_DSP[39;49m[34;49m .. [39;49m[32;49m
0x7ffff72feb65    4983ee08                sub r14, 0x8                                           [39;49m
User.[34;49mstest[39;49m <:> cfrTil compiled word
SourceCode for User.[34;49mstest[39;49m :> 
[34;49m:asm stest _Compile_MoveTOS_To_R8D ( ) _Compile_Move_DataStackN_ToReg ( R8D, 0 ) Compile_Stack_Push_R8D ( ) _Compile_SUBI_DSP ( CELL ) asm; [39;49m
Source code file location of [34;49mstest[39;49m : "namespaces/compiler/x64.cft" : 466.10 :: we are now at : namespaces/compiler/x64.cft : 473.19
Compiled with : optimizeOn, inlineOn, infixOn
Debug Source Code on : BigNum off : Lisp off : Word Source Code on
starting at address : 0xf72feb58 -- code size = 18 bytes
Word :: User.[34;49mstest[39;49m : definition = 0x00007ffff72feb58 : disassembly at namespaces/compiler/x64.cft : 473.19 :
[34;49m ..                            :asm stest [39;49m[33;40m_Compile_MoveTOS_To_R8D[39;49m[34;49m ( )  _Compile_Move_DataStackN_ToReg ( R8D, 0 )  Compile_Stack_Push_R8D ( )  _Compil .. [39;49m[32;49m
0x7ffff72feb58    4d8b06                  mov r8, [r14]                                          [39;49m
[34;49m  :asm stest _Compile_MoveTOS_To_R8D ( )  [39;49m[33;40m_Compile_Move_DataStackN_ToReg[39;49m[34;49m ( R8D, 0 )  Compile_Stack_Push_R8D ( )  _Compile_SUBI_DSP ( CELL )  asm;  .. [39;49m[32;49m
0x7ffff72feb5b    4d8b06                  mov r8, [r14]                                          [39;49m
[34;49m .. ile_Move_DataStackN_ToReg ( R8D, 0 )  [39;49m[33;40mCompile_Stack_Push_R8D[39;49m[34;49m ( )  _Compile_SUBI_DSP ( CELL )  asm; [39;49m[32;49m
0x7ffff72feb5e    4983c608                add r14, 0x8                                           [39;49m[32;49m
0x7ffff72feb62    4d8906                  mov [r14], r8                                          [39;49m
[34;49m .. R8D, 0 )  Compile_Stack_Push_R8D ( )  [39;49m[33;40m_Compile_SUBI_DSP[39;49m[34;49m ( CELL )  asm; [39;49m[32;49m
0x7ffff72feb65    4983ee08                sub r14, 0x8                                           [39;49m
[34;49m .. _R8D ( )  _Compile_SUBI_DSP ( CELL )  [39;49m[33;40masm;[39;49m[34;49m [39;49m[32;49m
0x7ffff72feb69    c3                      ret                                                    [39;49m
Word_Disassemble : word - 'stest' :: codeSize = 170x00007ffff72692380x00007ffff72feb5847319
DataStack at : [34;49mnamespaces/compiler/x64.cft : 474.2[39;49m :
DataStack depth =   4 : Dsp (R14) = Top = 0x00007ffff7269218, InitialTos = 0x00007ffff72691f8, Size = 0x0000000000002000
  DataStack   [   0 ] < 0x00007ffff7269218 > = 0x0000000000000005	
  DataStack   [  -1 ] < 0x00007ffff7269210 > = 0x0000000000000005	
  DataStack   [  -2 ] < 0x00007ffff7269208 > = 0x0000000000000005	
  DataStack   [  -3 ] < 0x00007ffff7269200 > = 0x0000000000000005	
DataStack at : [34;49mnamespaces/compiler/x64.cft : 478.2[39;49m :
DataStack depth =   4 : Dsp (R14) = Top = 0x00007ffff7269218, InitialTos = 0x00007ffff72691f8, Size = 0x0000000000002000
  DataStack   [   0 ] < 0x00007ffff7269218 > = 0x0000000000000005	
  DataStack   [  -1 ] < 0x00007ffff7269210 > = 0x0000000000000005	
  DataStack   [  -2 ] < 0x00007ffff7269208 > = 0x0000000000000005	
  DataStack   [  -3 ] < 0x00007ffff7269200 > = 0x0000000000000005	
_Compile_Write_Instruction_X64 : 7ffff72feb7e : 3 bytes : ...
[34;49m ..                            :asm stest [39;49m[33;40m_Compile_MoveTOS_To_R8D[39;49m[34;49m ( )  _Compile_Move_DataStackN_ToReg ( R8D, 0 )  Compile_Stack_Push_R8D ( )  _Compil .. [39;49m[32;49m
0x7ffff72feb7e    4d8b06                  mov r8, [r14]                                          [39;49m
_Compile_Write_Instruction_X64 : 7ffff72feb81 : 4 bytes : ...
[34;49m ..  :asm stest _Compile_MoveTOS_To_R8D ( [39;49m[33;40m_Compile_SUBI_DSP[39;49m[34;49mDataStackN_ToReg ( R8D, 0 )  Compile_Stack_Push_R8D ( )  _Compile_SUBI_DSP ( CELL )  asm;  .. [39;49m[32;49m
0x7ffff72feb81    4983ee08                sub r14, 0x8                                           [39;49m
_Compile_Write_Instruction_X64 : 7ffff72feb85 : 3 bytes : ...
[34;49m  :asm stest _Compile_MoveTOS_To_R8D ( )  [39;49m[33;40m_Compile_Move_DataStackN_ToReg[39;49m[34;49m ( R8D, 0 )  Compile_Stack_Push_R8D ( )  _Compile_SUBI_DSP ( CELL )  asm;  .. [39;49m[32;49m
0x7ffff72feb85    4d8b0e                  mov r9, [r14]                                          [39;49m
_Compile_Write_Instruction_X64 : 7ffff72feb88 : 3 bytes : ...
[34;49m .. ompile_Stack_Push_R8D ( )  _Compile_SU[39;49m[33;40m_Compile_TEST_Reg_To_Reg[39;49m[34;49m[39;49m[32;49m
0x7ffff72feb88    4d85c0                  test r8, r8                                            [39;49m
_Compile_Write_Instruction_X64 : 7ffff72feb91 : 4 bytes : ...
[34;49m ..  asm; [39;49m[33;40m_Compile_ADDI_DSP[39;49m[34;49m[39;49m[32;49m
0x7ffff72feb91    4983c608                add r14, 0x8                                           [39;49m
_Compile_Write_Instruction_X64 : 7ffff72feb95 : 3 bytes : ...
[34;49m .. osefully funky code for testing
"[39;49m[33;40m_Compile_Move_Reg_To_StackN[39;49m[34;49m[39;49m[32;49m
0x7ffff72feb95    4d890e                  mov [r14], r9                                          [39;49m
_Compile_Write_Instruction_X64 : 7ffff72feb98 : 3 bytes : ...
[34;49m .. _Compile_SUBI_DSP ( CELL )  asm; [39;49m[33;40mR8D[39;49m[34;49m[39;49m[32;49m
0x7ffff72feb98    49ffc8                  dec r8                                                 [39;49m
Stack.[34;49mndup[39;49m <:> cfrTil compiled word
SourceCode for Stack.[34;49mndup[39;49m :> 
[34;49m:asm ndup _Compile_MoveTOS_To_R8D ( ) _Compile_SUBI_DSP ( CELL ) _Compile_Move_DataStackN_ToReg ( R9D, 0 ) "start" label _Compile_TEST_Reg_To_Reg ( R8D, R8D ) "end" 0 EQ jcc _Compile_ADDI_DSP ( CELL ) _Compile_Move_Reg_To_StackN ( DSP, 0, R9D ) _Compile_IncDec_Reg ( DEC, R8D ) "start" goto "end" label asm; [39;49m
Source code file location of [34;49mndup[39;49m : "namespaces/compiler/x64.cft" : 483.9 :: we are now at : namespaces/compiler/x64.cft : 497.18
Compiled with : optimizeOn, inlineOn, infixOn
Debug Source Code on : BigNum off : Lisp off : Word Source Code on
starting at address : 0xf72feb7e -- code size = 35 bytes
Word :: Stack.[34;49mndup[39;49m : definition = 0x00007ffff72feb7e : disassembly at namespaces/compiler/x64.cft : 497.18 :
[34;49m ..                             :asm ndup [39;49m[33;40m_Compile_MoveTOS_To_R8D[39;49m[34;49m ( ) _Compile_SUBI_DSP ( CELL )  _Compile_Move_DataStackN_ToReg ( R9D, 0 ) "start" l .. [39;49m[32;49m
0x7ffff72feb7e    4d8b06                  mov r8, [r14]                                          [39;49m
[34;49m .. :asm ndup _Compile_MoveTOS_To_R8D ( ) [39;49m[33;40m_Compile_SUBI_DSP[39;49m[34;49m ( CELL )  _Compile_Move_DataStackN_ToReg ( R9D, 0 ) "start" label  _Compile_TEST_Reg_To_R .. [39;49m[32;49m
0x7ffff72feb81    4983ee08                sub r14, 0x8                                           [39;49m
[34;49m .. o_R8D ( ) _Compile_SUBI_DSP ( CELL )  [39;49m[33;40m_Compile_Move_DataStackN_ToReg[39;49m[34;49m ( R9D, 0 ) "start" label  _Compile_TEST_Reg_To_Reg ( R8D, R8D ) "end" 0 EQ j .. [39;49m[32;49m
0x7ffff72feb85    4d8b0e                  mov r9, [r14]                                          [39;49m
[34;49m .. tackN_ToReg ( R9D, 0 ) "start" label  [39;49m[33;40m_Compile_TEST_Reg_To_Reg[39;49m[34;49m ( R8D, R8D ) "end" 0 EQ jcc _Compile_ADDI_DSP ( CELL )  _Compile_Move_Reg_To_Stack .. [39;49m[32;49m
0x7ffff72feb88    4d85c0                  test r8, r8                                            [39;49m
[34;49m .. ST_Reg_To_Reg ( R8D, R8D ) "end" 0 EQ [39;49m[33;40mjcc[39;49m[34;49m _Compile_ADDI_DSP ( CELL )  _Compile_Move_Reg_To_StackN ( DSP, 0, R9D )  _Compile_IncDec_Reg ( DEC, R8D .. [39;49m[32;49m
0x7ffff72feb8b    0f840f000000            jz 0x7ffff72feba0          	< Stack.[34;49mndup[39;49m+34 >[39;49m
[34;49m .. eg_To_Reg ( R8D, R8D ) "end" 0 EQ jcc [39;49m[33;40m_Compile_ADDI_DSP[39;49m[34;49m ( CELL )  _Compile_Move_Reg_To_StackN ( DSP, 0, R9D )  _Compile_IncDec_Reg ( DEC, R8D )   .. [39;49m[32;49m
0x7ffff72feb91    4983c608                add r14, 0x8                                           [39;49m
[34;49m ..  0 EQ jcc _Compile_ADDI_DSP ( CELL )  [39;49m[33;40m_Compile_Move_Reg_To_StackN[39;49m[34;49m ( DSP, 0, R9D )  _Compile_IncDec_Reg ( DEC, R8D )  "start" goto "end" label asm .. [39;49m[32;49m
0x7ffff72feb95    4d890e                  mov [r14], r9                                          [39;49m
[34;49m .. rt" label  _Compile_TEST_Reg_To_Reg ( [39;49m[33;40mR8D[39;49m[34;49m, R8D ) "end" 0 EQ jcc _Compile_ADDI_DSP ( CELL )  _Compile_Move_Reg_To_StackN ( DSP, 0, R9D )  _Compile .. [39;49m[32;49m
0x7ffff72feb98    49ffc8                  dec r8                                                 [39;49m
[34;49m .. pile_IncDec_Reg ( DEC, R8D )  "start" [39;49m[33;40mgoto[39;49m[34;49m "end" label asm;  .. [39;49m[32;49m
0x7ffff72feb9b    e9e8ffffff              jmp 0x7ffff72feb88         	< Stack.[34;49mndup[39;49m+10 >[39;49m
[34;49m ..  DEC, R8D )  "start" goto "end" label [39;49m[33;40masm;[39;49m[34;49m  .. [39;49m[32;49m
0x7ffff72feba0    c3                      ret                                                    [39;49m
Word_Disassemble : word - 'ndup' :: codeSize = 340x00007ffff72692380x00007ffff72feb7e49718
DataStack at : [34;49mnamespaces/compiler/x64.cft : 498.9[39;49m :
DataStack depth =  11 : Dsp (R14) = Top = 0x00007ffff7269250, InitialTos = 0x00007ffff72691f8, Size = 0x0000000000002000
  DataStack   [   0 ] < 0x00007ffff7269250 > = 0x0000000000000005	
  DataStack   [  -1 ] < 0x00007ffff7269248 > = 0x0000000000000005	
  DataStack   [  -2 ] < 0x00007ffff7269240 > = 0x0000000000000005	
  DataStack   [  -3 ] < 0x00007ffff7269238 > = 0x0000000000000005	
  DataStack   [  -4 ] < 0x00007ffff7269230 > = 0x0000000000000005	
  DataStack   [  -5 ] < 0x00007ffff7269228 > = 0x0000000000000005	
  DataStack   [  -6 ] < 0x00007ffff7269220 > = 0x0000000000000005	
  DataStack   [  -7 ] < 0x00007ffff7269218 > = 0x0000000000000005	
  DataStack   [  -8 ] < 0x00007ffff7269210 > = 0x0000000000000005	
  DataStack   [  -9 ] < 0x00007ffff7269208 > = 0x0000000000000005	
  DataStack   [ -10 ] < 0x00007ffff7269200 > = 0x0000000000000005	
DataStack at : [34;49mnamespaces/compiler/x64.cft : 499.2[39;49m :
DataStack depth =   4 : Dsp (R14) = Top = 0x00007ffff7269218, InitialTos = 0x00007ffff72691f8, Size = 0x0000000000002000
  DataStack   [   0 ] < 0x00007ffff7269218 > = 0x0000000000000005	
  DataStack   [  -1 ] < 0x00007ffff7269210 > = 0x0000000000000005	
  DataStack   [  -2 ] < 0x00007ffff7269208 > = 0x0000000000000005	
  DataStack   [  -3 ] < 0x00007ffff7269200 > = 0x0000000000000005	